<?xml version="1.0" encoding="UTF-8"?>
<testng-results ignored="0" total="3" passed="3" failed="0" skipped="0">
  <reporter-output>
  </reporter-output>
  <suite started-at="2023-01-26T16:39:01 EET" name="Default suite" finished-at="2023-01-26T16:39:12 EET" duration-ms="11929">
    <groups>
    </groups>
    <test started-at="2023-01-26T16:39:01 EET" name="Default test" finished-at="2023-01-26T16:39:12 EET" duration-ms="11929">
      <class name="homepage">
        <test-method is-config="true" signature="beforeStart()[pri:0, instance:homepage@1fa268de]" started-at="2023-01-26T16:39:01 EET" name="beforeStart" finished-at="2023-01-26T16:39:04 EET" duration-ms="3864" status="PASS">
          <reporter-output>
          </reporter-output>
        </test-method> <!-- beforeStart -->
        <test-method signature="About_page()[pri:0, instance:homepage@1fa268de]" started-at="2023-01-26T16:39:04 EET" name="About_page" finished-at="2023-01-26T16:39:07 EET" duration-ms="2511" status="PASS">
          <reporter-output>
          </reporter-output>
        </test-method> <!-- About_page -->
        <test-method signature="About_page()[pri:0, instance:homepage@1fa268de]" started-at="2023-01-26T16:39:07 EET" name="About_page" finished-at="2023-01-26T16:39:10 EET" duration-ms="2793" status="PASS">
          <reporter-output>
          </reporter-output>
        </test-method> <!-- About_page -->
        <test-method signature="About_page()[pri:0, instance:homepage@1fa268de]" started-at="2023-01-26T16:39:10 EET" name="About_page" finished-at="2023-01-26T16:39:12 EET" duration-ms="2722" status="PASS">
          <reporter-output>
          </reporter-output>
        </test-method> <!-- About_page -->
      </class> <!-- homepage -->
    </test> <!-- Default test -->
  </suite> <!-- Default suite -->
</testng-results>
